2020-01-27 17:45:53 ERROR ReceiverTracker:70 - Deregistered receiver for stream 0: Stopped by driver
2020-01-27 20:33:51 ERROR TaskSchedulerImpl:70 - Lost executor driver on localhost: Executor heartbeat timed out after 9619999 ms
2020-01-27 20:33:51 ERROR TaskSetManager:70 - Task 0 in stage 0.0 failed 1 times; aborting job
2020-01-27 20:33:51 ERROR ReceiverTracker:91 - Receiver has been stopped. Try to restart it.
org.apache.spark.SparkException: Job aborted due to stage failure: Task 0 in stage 0.0 failed 1 times, most recent failure: Lost task 0.0 in stage 0.0 (TID 0, localhost, executor driver): ExecutorLostFailure (executor driver exited caused by one of the running tasks) Reason: Executor heartbeat timed out after 9619999 ms
Driver stacktrace:
	at org.apache.spark.scheduler.DAGScheduler.failJobAndIndependentStages(DAGScheduler.scala:1889)
	at org.apache.spark.scheduler.DAGScheduler.$anonfun$abortStage$2(DAGScheduler.scala:1877)
	at org.apache.spark.scheduler.DAGScheduler.$anonfun$abortStage$2$adapted(DAGScheduler.scala:1876)
	at scala.collection.mutable.ResizableArray.foreach(ResizableArray.scala:62)
	at scala.collection.mutable.ResizableArray.foreach$(ResizableArray.scala:55)
	at scala.collection.mutable.ArrayBuffer.foreach(ArrayBuffer.scala:49)
	at org.apache.spark.scheduler.DAGScheduler.abortStage(DAGScheduler.scala:1876)
	at org.apache.spark.scheduler.DAGScheduler.$anonfun$handleTaskSetFailed$1(DAGScheduler.scala:926)
	at org.apache.spark.scheduler.DAGScheduler.$anonfun$handleTaskSetFailed$1$adapted(DAGScheduler.scala:926)
	at scala.Option.foreach(Option.scala:274)
	at org.apache.spark.scheduler.DAGScheduler.handleTaskSetFailed(DAGScheduler.scala:926)
	at org.apache.spark.scheduler.DAGSchedulerEventProcessLoop.doOnReceive(DAGScheduler.scala:2110)
	at org.apache.spark.scheduler.DAGSchedulerEventProcessLoop.onReceive(DAGScheduler.scala:2059)
	at org.apache.spark.scheduler.DAGSchedulerEventProcessLoop.onReceive(DAGScheduler.scala:2048)
	at org.apache.spark.util.EventLoop$$anon$1.run(EventLoop.scala:49)
2020-01-27 20:33:51 ERROR BlockManager:70 - Failed to report input-0-1580144025600 to master; giving up.
2020-01-27 20:58:42 ERROR ContextCleaner:91 - Error cleaning broadcast 0
org.apache.spark.rpc.RpcTimeoutException: Futures timed out after [120 seconds]. This timeout is controlled by spark.rpc.askTimeout
	at org.apache.spark.rpc.RpcTimeout.org$apache$spark$rpc$RpcTimeout$$createRpcTimeoutException(RpcTimeout.scala:47)
	at org.apache.spark.rpc.RpcTimeout$$anonfun$addMessageIfTimeout$1.applyOrElse(RpcTimeout.scala:62)
	at org.apache.spark.rpc.RpcTimeout$$anonfun$addMessageIfTimeout$1.applyOrElse(RpcTimeout.scala:58)
	at scala.runtime.AbstractPartialFunction.apply(AbstractPartialFunction.scala:38)
	at org.apache.spark.rpc.RpcTimeout.awaitResult(RpcTimeout.scala:76)
	at org.apache.spark.storage.BlockManagerMaster.removeBroadcast(BlockManagerMaster.scala:155)
	at org.apache.spark.broadcast.TorrentBroadcast$.unpersist(TorrentBroadcast.scala:321)
	at org.apache.spark.broadcast.TorrentBroadcastFactory.unbroadcast(TorrentBroadcastFactory.scala:45)
	at org.apache.spark.broadcast.BroadcastManager.unbroadcast(BroadcastManager.scala:66)
	at org.apache.spark.ContextCleaner.doCleanupBroadcast(ContextCleaner.scala:238)
	at org.apache.spark.ContextCleaner.$anonfun$keepCleaning$3(ContextCleaner.scala:194)
	at org.apache.spark.ContextCleaner.$anonfun$keepCleaning$3$adapted(ContextCleaner.scala:185)
	at scala.Option.foreach(Option.scala:274)
	at org.apache.spark.ContextCleaner.$anonfun$keepCleaning$1(ContextCleaner.scala:185)
	at org.apache.spark.util.Utils$.tryOrStopSparkContext(Utils.scala:1302)
	at org.apache.spark.ContextCleaner.org$apache$spark$ContextCleaner$$keepCleaning(ContextCleaner.scala:179)
	at org.apache.spark.ContextCleaner$$anon$1.run(ContextCleaner.scala:73)
Caused by: java.util.concurrent.TimeoutException: Futures timed out after [120 seconds]
	at scala.concurrent.impl.Promise$DefaultPromise.ready(Promise.scala:259)
	at scala.concurrent.impl.Promise$DefaultPromise.result(Promise.scala:263)
	at org.apache.spark.util.ThreadUtils$.awaitResult(ThreadUtils.scala:220)
	at org.apache.spark.rpc.RpcTimeout.awaitResult(RpcTimeout.scala:75)
	... 12 more
2020-01-27 21:23:55 ERROR ReceiverTracker:70 - Deregistered receiver for stream 0: Stopped by driver
2020-02-13 17:46:22 ERROR ReceiverTracker:70 - Deregistered receiver for stream 0: Stopped by driver
